{"D:\\Projects\\claude-agent\\src\\App.tsx": {"path":"D:\\Projects\\claude-agent\\src\\App.tsx","all":false,"statementMap":{"0":{"start":{"line":1,"column":0},"end":{"line":1,"column":39}},"2":{"start":{"line":3,"column":0},"end":{"line":3,"column":16}},"3":{"start":{"line":4,"column":0},"end":{"line":4,"column":10}},"4":{"start":{"line":5,"column":0},"end":{"line":5,"column":83}},"5":{"start":{"line":6,"column":0},"end":{"line":6,"column":46}},"6":{"start":{"line":7,"column":0},"end":{"line":7,"column":10}},"8":{"start":{"line":9,"column":0},"end":{"line":9,"column":1}},"10":{"start":{"line":11,"column":0},"end":{"line":11,"column":19}}},"s":{"0":1,"2":1,"3":1,"4":1,"5":1,"6":1,"8":1,"10":1},"branchMap":{"0":{"type":"branch","line":3,"loc":{"start":{"line":3,"column":0},"end":{"line":9,"column":1}},"locations":[{"start":{"line":3,"column":0},"end":{"line":9,"column":1}}]}},"b":{"0":[1]},"fnMap":{"0":{"name":"App","decl":{"start":{"line":3,"column":0},"end":{"line":9,"column":1}},"loc":{"start":{"line":3,"column":0},"end":{"line":9,"column":1}},"line":3}},"f":{"0":1}}
,"D:\\Projects\\claude-agent\\src\\components\\Agent.tsx": {"path":"D:\\Projects\\claude-agent\\src\\components\\Agent.tsx","all":false,"statementMap":{"0":{"start":{"line":1,"column":0},"end":{"line":1,"column":44}},"1":{"start":{"line":2,"column":0},"end":{"line":2,"column":36}},"2":{"start":{"line":3,"column":0},"end":{"line":3,"column":53}},"3":{"start":{"line":4,"column":0},"end":{"line":4,"column":62}},"9":{"start":{"line":10,"column":0},"end":{"line":10,"column":81}},"10":{"start":{"line":11,"column":0},"end":{"line":11,"column":39}},"11":{"start":{"line":12,"column":0},"end":{"line":12,"column":59}},"12":{"start":{"line":13,"column":0},"end":{"line":13,"column":47}},"13":{"start":{"line":14,"column":0},"end":{"line":14,"column":75}},"15":{"start":{"line":16,"column":0},"end":{"line":16,"column":19}},"16":{"start":{"line":17,"column":0},"end":{"line":17,"column":22}},"17":{"start":{"line":18,"column":0},"end":{"line":18,"column":55}},"18":{"start":{"line":19,"column":0},"end":{"line":19,"column":24}},"19":{"start":{"line":20,"column":0},"end":{"line":20,"column":37}},"20":{"start":{"line":21,"column":0},"end":{"line":21,"column":79}},"21":{"start":{"line":22,"column":0},"end":{"line":22,"column":69}},"22":{"start":{"line":23,"column":0},"end":{"line":23,"column":81}},"23":{"start":{"line":24,"column":0},"end":{"line":24,"column":20}},"24":{"start":{"line":25,"column":0},"end":{"line":25,"column":32}},"25":{"start":{"line":26,"column":0},"end":{"line":26,"column":33}},"26":{"start":{"line":27,"column":0},"end":{"line":27,"column":8}},"27":{"start":{"line":28,"column":0},"end":{"line":28,"column":5}},"28":{"start":{"line":29,"column":0},"end":{"line":29,"column":20}},"30":{"start":{"line":31,"column":0},"end":{"line":31,"column":48}},"31":{"start":{"line":32,"column":0},"end":{"line":32,"column":23}},"32":{"start":{"line":33,"column":0},"end":{"line":33,"column":64}},"33":{"start":{"line":34,"column":0},"end":{"line":34,"column":19}},"34":{"start":{"line":35,"column":0},"end":{"line":35,"column":16}},"35":{"start":{"line":36,"column":0},"end":{"line":36,"column":4}},"37":{"start":{"line":38,"column":0},"end":{"line":38,"column":10}},"38":{"start":{"line":39,"column":0},"end":{"line":39,"column":8}},"39":{"start":{"line":40,"column":0},"end":{"line":40,"column":85}},"40":{"start":{"line":41,"column":0},"end":{"line":41,"column":28}},"43":{"start":{"line":44,"column":0},"end":{"line":44,"column":91}},"44":{"start":{"line":45,"column":0},"end":{"line":45,"column":119}},"45":{"start":{"line":46,"column":0},"end":{"line":46,"column":19}},"46":{"start":{"line":47,"column":0},"end":{"line":47,"column":24}},"47":{"start":{"line":48,"column":0},"end":{"line":48,"column":53}},"48":{"start":{"line":49,"column":0},"end":{"line":49,"column":57}},"49":{"start":{"line":50,"column":0},"end":{"line":50,"column":127}},"50":{"start":{"line":51,"column":0},"end":{"line":51,"column":20}},"51":{"start":{"line":52,"column":0},"end":{"line":52,"column":31}},"52":{"start":{"line":53,"column":0},"end":{"line":53,"column":53}},"53":{"start":{"line":54,"column":0},"end":{"line":54,"column":35}},"54":{"start":{"line":55,"column":0},"end":{"line":55,"column":32}},"55":{"start":{"line":56,"column":0},"end":{"line":56,"column":15}},"56":{"start":{"line":57,"column":0},"end":{"line":57,"column":14}},"57":{"start":{"line":58,"column":0},"end":{"line":58,"column":12}},"58":{"start":{"line":59,"column":0},"end":{"line":59,"column":17}},"59":{"start":{"line":60,"column":0},"end":{"line":60,"column":25}},"60":{"start":{"line":61,"column":0},"end":{"line":61,"column":29}},"61":{"start":{"line":62,"column":0},"end":{"line":62,"column":70}},"62":{"start":{"line":63,"column":0},"end":{"line":63,"column":118}},"64":{"start":{"line":65,"column":0},"end":{"line":65,"column":71}},"65":{"start":{"line":66,"column":0},"end":{"line":66,"column":19}},"66":{"start":{"line":67,"column":0},"end":{"line":67,"column":14}},"67":{"start":{"line":68,"column":0},"end":{"line":68,"column":13}},"70":{"start":{"line":71,"column":0},"end":{"line":71,"column":10}},"71":{"start":{"line":72,"column":0},"end":{"line":72,"column":241}},"73":{"start":{"line":74,"column":0},"end":{"line":74,"column":24}},"74":{"start":{"line":75,"column":0},"end":{"line":75,"column":12}},"77":{"start":{"line":78,"column":0},"end":{"line":78,"column":31}},"78":{"start":{"line":79,"column":0},"end":{"line":79,"column":23}},"79":{"start":{"line":80,"column":0},"end":{"line":80,"column":39}},"80":{"start":{"line":81,"column":0},"end":{"line":81,"column":18}},"81":{"start":{"line":82,"column":0},"end":{"line":82,"column":14}},"82":{"start":{"line":83,"column":0},"end":{"line":83,"column":53}},"83":{"start":{"line":84,"column":0},"end":{"line":84,"column":37}},"84":{"start":{"line":85,"column":0},"end":{"line":85,"column":10}},"86":{"start":{"line":87,"column":0},"end":{"line":87,"column":12}},"87":{"start":{"line":88,"column":0},"end":{"line":88,"column":27}},"88":{"start":{"line":89,"column":0},"end":{"line":89,"column":28}},"89":{"start":{"line":90,"column":0},"end":{"line":90,"column":45}},"90":{"start":{"line":91,"column":0},"end":{"line":91,"column":33}},"91":{"start":{"line":92,"column":0},"end":{"line":92,"column":40}},"92":{"start":{"line":93,"column":0},"end":{"line":93,"column":36}},"93":{"start":{"line":94,"column":0},"end":{"line":94,"column":13}},"94":{"start":{"line":95,"column":0},"end":{"line":95,"column":27}},"95":{"start":{"line":96,"column":0},"end":{"line":96,"column":32}},"96":{"start":{"line":97,"column":0},"end":{"line":97,"column":10}},"98":{"start":{"line":99,"column":0},"end":{"line":99,"column":10}},"100":{"start":{"line":101,"column":0},"end":{"line":101,"column":1}}},"s":{"0":1,"1":1,"2":1,"3":1,"9":17,"10":17,"11":17,"12":17,"13":17,"15":17,"16":11,"17":1,"18":1,"19":1,"20":1,"21":1,"22":1,"23":1,"24":1,"25":1,"26":1,"27":1,"28":17,"30":17,"31":4,"32":4,"33":3,"34":3,"35":4,"37":17,"38":17,"39":17,"40":17,"43":17,"44":17,"45":17,"46":17,"47":17,"48":17,"49":17,"50":17,"51":17,"52":1,"53":1,"54":1,"55":1,"56":1,"57":17,"58":17,"59":17,"60":17,"61":17,"62":17,"64":17,"65":17,"66":17,"67":17,"70":17,"71":17,"73":17,"74":17,"77":17,"78":1,"79":1,"80":1,"81":1,"82":1,"83":1,"84":1,"86":16,"87":16,"88":16,"89":16,"90":16,"91":2,"92":14,"93":16,"94":16,"95":16,"96":16,"98":17,"100":17},"branchMap":{"0":{"type":"branch","line":10,"loc":{"start":{"line":10,"column":0},"end":{"line":101,"column":1}},"locations":[{"start":{"line":10,"column":0},"end":{"line":101,"column":1}}]},"1":{"type":"branch","line":62,"loc":{"start":{"line":62,"column":47},"end":{"line":62,"column":70}},"locations":[{"start":{"line":62,"column":47},"end":{"line":62,"column":70}}]},"2":{"type":"branch","line":72,"loc":{"start":{"line":72,"column":154},"end":{"line":72,"column":201}},"locations":[{"start":{"line":72,"column":154},"end":{"line":72,"column":201}}]},"3":{"type":"branch","line":72,"loc":{"start":{"line":72,"column":164},"end":{"line":72,"column":238}},"locations":[{"start":{"line":72,"column":164},"end":{"line":72,"column":238}}]},"4":{"type":"branch","line":78,"loc":{"start":{"line":78,"column":18},"end":{"line":85,"column":10}},"locations":[{"start":{"line":78,"column":18},"end":{"line":85,"column":10}}]},"5":{"type":"branch","line":85,"loc":{"start":{"line":85,"column":8},"end":{"line":97,"column":10}},"locations":[{"start":{"line":85,"column":8},"end":{"line":97,"column":10}}]},"6":{"type":"branch","line":91,"loc":{"start":{"line":91,"column":23},"end":{"line":92,"column":40}},"locations":[{"start":{"line":91,"column":23},"end":{"line":92,"column":40}}]},"7":{"type":"branch","line":92,"loc":{"start":{"line":92,"column":16},"end":{"line":93,"column":36}},"locations":[{"start":{"line":92,"column":16},"end":{"line":93,"column":36}}]},"8":{"type":"branch","line":16,"loc":{"start":{"line":16,"column":12},"end":{"line":29,"column":5}},"locations":[{"start":{"line":16,"column":12},"end":{"line":29,"column":5}}]},"9":{"type":"branch","line":17,"loc":{"start":{"line":17,"column":21},"end":{"line":28,"column":5}},"locations":[{"start":{"line":17,"column":21},"end":{"line":28,"column":5}}]},"10":{"type":"branch","line":24,"loc":{"start":{"line":24,"column":13},"end":{"line":27,"column":8}},"locations":[{"start":{"line":24,"column":13},"end":{"line":27,"column":8}}]},"11":{"type":"branch","line":31,"loc":{"start":{"line":31,"column":23},"end":{"line":36,"column":4}},"locations":[{"start":{"line":31,"column":23},"end":{"line":36,"column":4}}]},"12":{"type":"branch","line":33,"loc":{"start":{"line":33,"column":19},"end":{"line":33,"column":38}},"locations":[{"start":{"line":33,"column":19},"end":{"line":33,"column":38}}]},"13":{"type":"branch","line":33,"loc":{"start":{"line":33,"column":25},"end":{"line":33,"column":57}},"locations":[{"start":{"line":33,"column":25},"end":{"line":33,"column":57}}]},"14":{"type":"branch","line":33,"loc":{"start":{"line":33,"column":57},"end":{"line":33,"column":64}},"locations":[{"start":{"line":33,"column":57},"end":{"line":33,"column":64}}]},"15":{"type":"branch","line":33,"loc":{"start":{"line":33,"column":57},"end":{"line":35,"column":16}},"locations":[{"start":{"line":33,"column":57},"end":{"line":35,"column":16}}]},"16":{"type":"branch","line":48,"loc":{"start":{"line":48,"column":22},"end":{"line":48,"column":53}},"locations":[{"start":{"line":48,"column":22},"end":{"line":48,"column":53}}]},"17":{"type":"branch","line":52,"loc":{"start":{"line":52,"column":23},"end":{"line":57,"column":14}},"locations":[{"start":{"line":52,"column":23},"end":{"line":57,"column":14}}]}},"b":{"0":[17],"1":[14],"2":[16],"3":[1],"4":[1],"5":[16],"6":[2],"7":[14],"8":[11],"9":[1],"10":[1],"11":[4],"12":[3],"13":[3],"14":[1],"15":[3],"16":[3],"17":[1]},"fnMap":{"0":{"name":"Agent","decl":{"start":{"line":10,"column":0},"end":{"line":101,"column":1}},"loc":{"start":{"line":10,"column":0},"end":{"line":101,"column":1}},"line":10},"1":{"name":"handleSubmit","decl":{"start":{"line":31,"column":23},"end":{"line":36,"column":4}},"loc":{"start":{"line":31,"column":23},"end":{"line":36,"column":4}},"line":31},"2":{"name":"onChange","decl":{"start":{"line":48,"column":22},"end":{"line":48,"column":53}},"loc":{"start":{"line":48,"column":22},"end":{"line":48,"column":53}},"line":48},"3":{"name":"onKeyDown","decl":{"start":{"line":52,"column":23},"end":{"line":57,"column":14}},"loc":{"start":{"line":52,"column":23},"end":{"line":57,"column":14}},"line":52}},"f":{"0":17,"1":4,"2":3,"3":1}}
,"D:\\Projects\\claude-agent\\src\\hooks\\useWebSocket.ts": {"path":"D:\\Projects\\claude-agent\\src\\hooks\\useWebSocket.ts","all":false,"statementMap":{"0":{"start":{"line":1,"column":0},"end":{"line":1,"column":65}},"9":{"start":{"line":10,"column":0},"end":{"line":10,"column":43}},"10":{"start":{"line":11,"column":0},"end":{"line":11,"column":44}},"11":{"start":{"line":12,"column":0},"end":{"line":12,"column":52}},"12":{"start":{"line":13,"column":0},"end":{"line":13,"column":60}},"13":{"start":{"line":14,"column":0},"end":{"line":14,"column":61}},"15":{"start":{"line":16,"column":0},"end":{"line":16,"column":19}},"16":{"start":{"line":17,"column":0},"end":{"line":17,"column":38}},"17":{"start":{"line":18,"column":0},"end":{"line":18,"column":24}},"19":{"start":{"line":20,"column":0},"end":{"line":20,"column":45}},"20":{"start":{"line":21,"column":0},"end":{"line":21,"column":47}},"21":{"start":{"line":22,"column":0},"end":{"line":22,"column":47}},"23":{"start":{"line":24,"column":0},"end":{"line":24,"column":35}},"24":{"start":{"line":25,"column":0},"end":{"line":25,"column":11}},"25":{"start":{"line":26,"column":0},"end":{"line":26,"column":55}},"26":{"start":{"line":27,"column":0},"end":{"line":27,"column":37}},"27":{"start":{"line":28,"column":0},"end":{"line":28,"column":49}},"28":{"start":{"line":29,"column":0},"end":{"line":29,"column":45}},"29":{"start":{"line":30,"column":0},"end":{"line":30,"column":39}},"30":{"start":{"line":31,"column":0},"end":{"line":31,"column":9}},"31":{"start":{"line":32,"column":0},"end":{"line":32,"column":15}},"33":{"start":{"line":34,"column":0},"end":{"line":34,"column":7}},"34":{"start":{"line":35,"column":0},"end":{"line":35,"column":6}},"36":{"start":{"line":37,"column":0},"end":{"line":37,"column":18}},"37":{"start":{"line":38,"column":0},"end":{"line":38,"column":21}},"38":{"start":{"line":39,"column":0},"end":{"line":39,"column":6}},"39":{"start":{"line":40,"column":0},"end":{"line":40,"column":12}},"41":{"start":{"line":42,"column":0},"end":{"line":42,"column":31}},"42":{"start":{"line":43,"column":0},"end":{"line":43,"column":23}},"43":{"start":{"line":44,"column":0},"end":{"line":44,"column":67}},"44":{"start":{"line":45,"column":0},"end":{"line":45,"column":73}},"45":{"start":{"line":46,"column":0},"end":{"line":46,"column":7}},"46":{"start":{"line":47,"column":0},"end":{"line":47,"column":6}},"47":{"start":{"line":48,"column":0},"end":{"line":48,"column":6}},"48":{"start":{"line":49,"column":0},"end":{"line":49,"column":4}},"50":{"start":{"line":51,"column":0},"end":{"line":51,"column":54}},"51":{"start":{"line":52,"column":0},"end":{"line":52,"column":1}}},"s":{"0":1,"9":1,"10":18,"11":18,"12":18,"13":18,"15":18,"16":7,"17":7,"19":7,"20":7,"21":7,"23":7,"24":3,"25":3,"26":3,"27":1,"28":1,"29":1,"30":1,"31":3,"33":1,"34":3,"36":7,"37":7,"38":7,"39":18,"41":18,"42":18,"43":1,"44":1,"45":1,"46":1,"47":18,"48":18,"50":18,"51":18},"branchMap":{"0":{"type":"branch","line":10,"loc":{"start":{"line":10,"column":7},"end":{"line":52,"column":1}},"locations":[{"start":{"line":10,"column":7},"end":{"line":52,"column":1}}]},"1":{"type":"branch","line":16,"loc":{"start":{"line":16,"column":12},"end":{"line":40,"column":5}},"locations":[{"start":{"line":16,"column":12},"end":{"line":40,"column":5}}]},"2":{"type":"branch","line":20,"loc":{"start":{"line":20,"column":20},"end":{"line":20,"column":45}},"locations":[{"start":{"line":20,"column":20},"end":{"line":20,"column":45}}]},"3":{"type":"branch","line":21,"loc":{"start":{"line":21,"column":21},"end":{"line":21,"column":47}},"locations":[{"start":{"line":21,"column":21},"end":{"line":21,"column":47}}]},"4":{"type":"branch","line":22,"loc":{"start":{"line":22,"column":21},"end":{"line":22,"column":47}},"locations":[{"start":{"line":22,"column":21},"end":{"line":22,"column":47}}]},"5":{"type":"branch","line":24,"loc":{"start":{"line":24,"column":23},"end":{"line":35,"column":6}},"locations":[{"start":{"line":24,"column":23},"end":{"line":35,"column":6}}]},"6":{"type":"branch","line":27,"loc":{"start":{"line":27,"column":36},"end":{"line":31,"column":9}},"locations":[{"start":{"line":27,"column":36},"end":{"line":31,"column":9}}]},"7":{"type":"branch","line":32,"loc":{"start":{"line":32,"column":6},"end":{"line":34,"column":7}},"locations":[{"start":{"line":32,"column":6},"end":{"line":34,"column":7}}]},"8":{"type":"branch","line":37,"loc":{"start":{"line":37,"column":11},"end":{"line":39,"column":6}},"locations":[{"start":{"line":37,"column":11},"end":{"line":39,"column":6}}]},"9":{"type":"branch","line":43,"loc":{"start":{"line":43,"column":4},"end":{"line":47,"column":6}},"locations":[{"start":{"line":43,"column":4},"end":{"line":47,"column":6}}]}},"b":{"0":[18],"1":[7],"2":[7],"3":[8],"4":[1],"5":[3],"6":[1],"7":[1],"8":[7],"9":[1]},"fnMap":{"0":{"name":"useWebSocket","decl":{"start":{"line":10,"column":7},"end":{"line":52,"column":1}},"loc":{"start":{"line":10,"column":7},"end":{"line":52,"column":1}},"line":10},"1":{"name":"socket.onopen","decl":{"start":{"line":20,"column":20},"end":{"line":20,"column":45}},"loc":{"start":{"line":20,"column":20},"end":{"line":20,"column":45}},"line":20},"2":{"name":"socket.onclose","decl":{"start":{"line":21,"column":21},"end":{"line":21,"column":47}},"loc":{"start":{"line":21,"column":21},"end":{"line":21,"column":47}},"line":21},"3":{"name":"socket.onerror","decl":{"start":{"line":22,"column":21},"end":{"line":22,"column":47}},"loc":{"start":{"line":22,"column":21},"end":{"line":22,"column":47}},"line":22},"4":{"name":"socket.onmessage","decl":{"start":{"line":24,"column":23},"end":{"line":35,"column":6}},"loc":{"start":{"line":24,"column":23},"end":{"line":35,"column":6}},"line":24}},"f":{"0":18,"1":7,"2":8,"3":1,"4":3}}
}
